# JRE version: OpenJDK Runtime Environment (8.0_212-b04) (build 1.8.0_212-release-1586-b04)
# Java VM: OpenJDK 64-Bit Server VM (25.212-b04 mixed mode windows-amd64 compressed oops)
Heap:
 PSYoungGen      total 159232K, used 122987K [0x00000000e0000000, 0x00000000eb300000, 0x0000000100000000)
  eden space 146432K, 75% used [0x00000000e0000000,0x00000000e6b9aee8,0x00000000e8f00000)
  from space 12800K, 99% used [0x00000000ea680000,0x00000000eb2ffef8,0x00000000eb300000)
  to   space 14848K, 0% used [0x00000000e9600000,0x00000000e9600000,0x00000000ea480000)
 ParOldGen       total 89088K, used 19448K [0x00000000a0000000, 0x00000000a5700000, 0x00000000e0000000)
  object space 89088K, 21% used [0x00000000a0000000,0x00000000a12fe258,0x00000000a5700000)
 Metaspace       used 53648K, capacity 55292K, committed 55552K, reserved 1097728K
  class space    used 7277K, capacity 7665K, committed 7680K, reserved 1048576K
GC Heap History (10 events):
Event: 13.895 GC heap before
{Heap before GC invocations=8 (full 1):
 PSYoungGen      total 75776K, used 65536K [0x00000000e0000000, 0x00000000e5700000, 0x0000000100000000)
  eden space 65536K, 100% used [0x00000000e0000000,0x00000000e4000000,0x00000000e4000000)
  from space 10240K, 0% used [0x00000000e4b00000,0x00000000e4b00000,0x00000000e5500000)
  to   space 11264K, 0% used [0x00000000e4000000,0x00000000e4000000,0x00000000e4b00000)
 ParOldGen       total 60416K, used 9525K [0x00000000a0000000, 0x00000000a3b00000, 0x00000000e0000000)
  object space 60416K, 15% used [0x00000000a0000000,0x00000000a094d780,0x00000000a3b00000)
 Metaspace       used 29177K, capacity 29762K, committed 30080K, reserved 1075200K
  class space    used 3925K, capacity 4133K, committed 4224K, reserved 1048576K
Event: 14.015 GC heap after
Heap after GC invocations=8 (full 1):
 PSYoungGen      total 76800K, used 8074K [0x00000000e0000000, 0x00000000e8400000, 0x0000000100000000)
  eden space 65536K, 0% used [0x00000000e0000000,0x00000000e0000000,0x00000000e4000000)
  from space 11264K, 71% used [0x00000000e4000000,0x00000000e47e2ba8,0x00000000e4b00000)
  to   space 11264K, 0% used [0x00000000e7900000,0x00000000e7900000,0x00000000e8400000)
 ParOldGen       total 60416K, used 9533K [0x00000000a0000000, 0x00000000a3b00000, 0x00000000e0000000)
  object space 60416K, 15% used [0x00000000a0000000,0x00000000a094f780,0x00000000a3b00000)
 Metaspace       used 29177K, capacity 29762K, committed 30080K, reserved 1075200K
  class space    used 3925K, capacity 4133K, committed 4224K, reserved 1048576K
}
Event: 15.641 GC heap before
{Heap before GC invocations=9 (full 1):
 PSYoungGen      total 76800K, used 73610K [0x00000000e0000000, 0x00000000e8400000, 0x0000000100000000)
  eden space 65536K, 100% used [0x00000000e0000000,0x00000000e4000000,0x00000000e4000000)
  from space 11264K, 71% used [0x00000000e4000000,0x00000000e47e2ba8,0x00000000e4b00000)
  to   space 11264K, 0% used [0x00000000e7900000,0x00000000e7900000,0x00000000e8400000)
 ParOldGen       total 60416K, used 9533K [0x00000000a0000000, 0x00000000a3b00000, 0x00000000e0000000)
  object space 60416K, 15% used [0x00000000a0000000,0x00000000a094f780,0x00000000a3b00000)
 Metaspace       used 32023K, capacity 32672K, committed 32768K, reserved 1077248K
  class space    used 4377K, capacity 4591K, committed 4608K, reserved 1048576K
Event: 15.666 GC heap after
Heap after GC invocations=9 (full 1):
 PSYoungGen      total 122880K, used 8713K [0x00000000e0000000, 0x00000000e8400000, 0x0000000100000000)
  eden space 111616K, 0% used [0x00000000e0000000,0x00000000e0000000,0x00000000e6d00000)
  from space 11264K, 77% used [0x00000000e7900000,0x00000000e81824d0,0x00000000e8400000)
  to   space 11776K, 0% used [0x00000000e6d00000,0x00000000e6d00000,0x00000000e7880000)
 ParOldGen       total 60416K, used 9541K [0x00000000a0000000, 0x00000000a3b00000, 0x00000000e0000000)
  object space 60416K, 15% used [0x00000000a0000000,0x00000000a0951780,0x00000000a3b00000)
 Metaspace       used 32023K, capacity 32672K, committed 32768K, reserved 1077248K
  class space    used 4377K, capacity 4591K, committed 4608K, reserved 1048576K
}
Event: 17.184 GC heap before
{Heap before GC invocations=10 (full 1):
 PSYoungGen      total 122880K, used 66231K [0x00000000e0000000, 0x00000000e8400000, 0x0000000100000000)
  eden space 111616K, 51% used [0x00000000e0000000,0x00000000e382b920,0x00000000e6d00000)
  from space 11264K, 77% used [0x00000000e7900000,0x00000000e81824d0,0x00000000e8400000)
  to   space 11776K, 0% used [0x00000000e6d00000,0x00000000e6d00000,0x00000000e7880000)
 ParOldGen       total 60416K, used 9541K [0x00000000a0000000, 0x00000000a3b00000, 0x00000000e0000000)
  object space 60416K, 15% used [0x00000000a0000000,0x00000000a0951780,0x00000000a3b00000)
 Metaspace       used 34606K, capacity 35396K, committed 35456K, reserved 1079296K
  class space    used 4726K, capacity 4951K, committed 4992K, reserved 1048576K
Event: 17.206 GC heap after
Heap after GC invocations=10 (full 1):
 PSYoungGen      total 123392K, used 10054K [0x00000000e0000000, 0x00000000eb300000, 0x0000000100000000)
  eden space 111616K, 0% used [0x00000000e0000000,0x00000000e0000000,0x00000000e6d00000)
  from space 11776K, 85% used [0x00000000e6d00000,0x00000000e76d1ad0,0x00000000e7880000)
  to   space 12800K, 0% used [0x00000000ea680000,0x00000000ea680000,0x00000000eb300000)
 ParOldGen       total 60416K, used 9549K [0x00000000a0000000, 0x00000000a3b00000, 0x00000000e0000000)
  object space 60416K, 15% used [0x00000000a0000000,0x00000000a0953780,0x00000000a3b00000)
 Metaspace       used 34606K, capacity 35396K, committed 35456K, reserved 1079296K
  class space    used 4726K, capacity 4951K, committed 4992K, reserved 1048576K
}
Event: 17.206 GC heap before
{Heap before GC invocations=11 (full 2):
 PSYoungGen      total 123392K, used 10054K [0x00000000e0000000, 0x00000000eb300000, 0x0000000100000000)
  eden space 111616K, 0% used [0x00000000e0000000,0x00000000e0000000,0x00000000e6d00000)
  from space 11776K, 85% used [0x00000000e6d00000,0x00000000e76d1ad0,0x00000000e7880000)
  to   space 12800K, 0% used [0x00000000ea680000,0x00000000ea680000,0x00000000eb300000)
 ParOldGen       total 60416K, used 9549K [0x00000000a0000000, 0x00000000a3b00000, 0x00000000e0000000)
  object space 60416K, 15% used [0x00000000a0000000,0x00000000a0953780,0x00000000a3b00000)
 Metaspace       used 34606K, capacity 35396K, committed 35456K, reserved 1079296K
  class space    used 4726K, capacity 4951K, committed 4992K, reserved 1048576K
Event: 17.332 GC heap after
Heap after GC invocations=11 (full 2):
 PSYoungGen      total 123392K, used 0K [0x00000000e0000000, 0x00000000eb300000, 0x0000000100000000)
  eden space 111616K, 0% used [0x00000000e0000000,0x00000000e0000000,0x00000000e6d00000)
  from space 11776K, 0% used [0x00000000e6d00000,0x00000000e6d00000,0x00000000e7880000)
  to   space 12800K, 0% used [0x00000000ea680000,0x00000000ea680000,0x00000000eb300000)
 ParOldGen       total 89088K, used 16890K [0x00000000a0000000, 0x00000000a5700000, 0x00000000e0000000)
  object space 89088K, 18% used [0x00000000a0000000,0x00000000a107e9b8,0x00000000a5700000)
 Metaspace       used 34602K, capacity 35384K, committed 35456K, reserved 1079296K
  class space    used 4725K, capacity 4949K, committed 4992K, reserved 1048576K
}
Event: 21.690 GC heap before
{Heap before GC invocations=12 (full 2):
 PSYoungGen      total 123392K, used 111616K [0x00000000e0000000, 0x00000000eb300000, 0x0000000100000000)
  eden space 111616K, 100% used [0x00000000e0000000,0x00000000e6d00000,0x00000000e6d00000)
  from space 11776K, 0% used [0x00000000e6d00000,0x00000000e6d00000,0x00000000e7880000)
  to   space 12800K, 0% used [0x00000000ea680000,0x00000000ea680000,0x00000000eb300000)
 ParOldGen       total 89088K, used 16890K [0x00000000a0000000, 0x00000000a5700000, 0x00000000e0000000)
  object space 89088K, 18% used [0x00000000a0000000,0x00000000a107e9b8,0x00000000a5700000)
 Metaspace       used 45209K, capacity 46348K, committed 46592K, reserved 1089536K
  class space    used 6059K, capacity 6350K, committed 6400K, reserved 1048576K
Event: 21.731 GC heap after
Heap after GC invocations=12 (full 2):
 PSYoungGen      total 159232K, used 12799K [0x00000000e0000000, 0x00000000eb300000, 0x0000000100000000)
  eden space 146432K, 0% used [0x00000000e0000000,0x00000000e0000000,0x00000000e8f00000)
  from space 12800K, 99% used [0x00000000ea680000,0x00000000eb2ffef8,0x00000000eb300000)
  to   space 14848K, 0% used [0x00000000e9600000,0x00000000e9600000,0x00000000ea480000)
 ParOldGen       total 89088K, used 19448K [0x00000000a0000000, 0x00000000a5700000, 0x00000000e0000000)
  object space 89088K, 21% used [0x00000000a0000000,0x00000000a12fe258,0x00000000a5700000)
 Metaspace       used 45209K, capacity 46348K, committed 46592K, reserved 1089536K
  class space    used 6059K, capacity 6350K, committed 6400K, reserved 1048576K
}

