# JRE version: OpenJDK Runtime Environment (8.0_212-b04) (build 1.8.0_212-release-1586-b04)
# Java VM: OpenJDK 64-Bit Server VM (25.212-b04 mixed mode windows-amd64 compressed oops)
Heap:
 PSYoungGen      total 211456K, used 168698K [0x00000000e0000000, 0x00000000f4880000, 0x0000000100000000)
  eden space 171008K, 75% used [0x00000000e0000000,0x00000000e7d43f68,0x00000000ea700000)
  from space 40448K, 99% used [0x00000000ee200000,0x00000000f097ab40,0x00000000f0980000)
  to   space 60416K, 0% used [0x00000000ea700000,0x00000000ea700000,0x00000000ee200000)
 ParOldGen       total 250368K, used 115365K [0x00000000a0000000, 0x00000000af480000, 0x00000000e0000000)
  object space 250368K, 46% used [0x00000000a0000000,0x00000000a70a97d8,0x00000000af480000)
 Metaspace       used 109645K, capacity 116364K, committed 116736K, reserved 1150976K
  class space    used 14260K, capacity 15497K, committed 15616K, reserved 1048576K
GC Heap History (10 events):
Event: 2693.204 GC heap before
{Heap before GC invocations=28 (full 4):
 PSYoungGen      total 233472K, used 233124K [0x00000000e0000000, 0x00000000f2380000, 0x0000000100000000)
  eden space 213504K, 100% used [0x00000000e0000000,0x00000000ed080000,0x00000000ed080000)
  from space 19968K, 98% used [0x00000000ed700000,0x00000000eea293b8,0x00000000eea80000)
  to   space 42496K, 0% used [0x00000000efa00000,0x00000000efa00000,0x00000000f2380000)
 ParOldGen       total 250368K, used 78101K [0x00000000a0000000, 0x00000000af480000, 0x00000000e0000000)
  object space 250368K, 31% used [0x00000000a0000000,0x00000000a4c455b0,0x00000000af480000)
 Metaspace       used 107675K, capacity 113790K, committed 113920K, reserved 1148928K
  class space    used 14120K, capacity 15262K, committed 15360K, reserved 1048576K
Event: 2693.441 GC heap after
Heap after GC invocations=28 (full 4):
 PSYoungGen      total 239616K, used 19004K [0x00000000e0000000, 0x00000000f1980000, 0x0000000100000000)
  eden space 207360K, 0% used [0x00000000e0000000,0x00000000e0000000,0x00000000eca80000)
  from space 32256K, 58% used [0x00000000efa00000,0x00000000f0c8f150,0x00000000f1980000)
  to   space 40448K, 0% used [0x00000000eca80000,0x00000000eca80000,0x00000000ef200000)
 ParOldGen       total 250368K, used 78109K [0x00000000a0000000, 0x00000000af480000, 0x00000000e0000000)
  object space 250368K, 31% used [0x00000000a0000000,0x00000000a4c475b0,0x00000000af480000)
 Metaspace       used 107675K, capacity 113790K, committed 113920K, reserved 1148928K
  class space    used 14120K, capacity 15262K, committed 15360K, reserved 1048576K
}
Event: 2774.386 GC heap before
{Heap before GC invocations=29 (full 4):
 PSYoungGen      total 239616K, used 226362K [0x00000000e0000000, 0x00000000f1980000, 0x0000000100000000)
  eden space 207360K, 99% used [0x00000000e0000000,0x00000000eca7fa30,0x00000000eca80000)
  from space 32256K, 58% used [0x00000000efa00000,0x00000000f0c8f150,0x00000000f1980000)
  to   space 40448K, 0% used [0x00000000eca80000,0x00000000eca80000,0x00000000ef200000)
 ParOldGen       total 250368K, used 78109K [0x00000000a0000000, 0x00000000af480000, 0x00000000e0000000)
  object space 250368K, 31% used [0x00000000a0000000,0x00000000a4c475b0,0x00000000af480000)
 Metaspace       used 107955K, capacity 114322K, committed 114432K, reserved 1148928K
  class space    used 14157K, capacity 15328K, committed 15360K, reserved 1048576K
Event: 2774.461 GC heap after
Heap after GC invocations=29 (full 4):
 PSYoungGen      total 220672K, used 19088K [0x00000000e0000000, 0x00000000f0f80000, 0x0000000100000000)
  eden space 201216K, 0% used [0x00000000e0000000,0x00000000e0000000,0x00000000ec480000)
  from space 19456K, 98% used [0x00000000eca80000,0x00000000edd24160,0x00000000edd80000)
  to   space 38400K, 0% used [0x00000000eea00000,0x00000000eea00000,0x00000000f0f80000)
 ParOldGen       total 250368K, used 78117K [0x00000000a0000000, 0x00000000af480000, 0x00000000e0000000)
  object space 250368K, 31% used [0x00000000a0000000,0x00000000a4c495b0,0x00000000af480000)
 Metaspace       used 107955K, capacity 114322K, committed 114432K, reserved 1148928K
  class space    used 14157K, capacity 15328K, committed 15360K, reserved 1048576K
}
Event: 3175.365 GC heap before
{Heap before GC invocations=30 (full 4):
 PSYoungGen      total 220672K, used 220304K [0x00000000e0000000, 0x00000000f0f80000, 0x0000000100000000)
  eden space 201216K, 100% used [0x00000000e0000000,0x00000000ec480000,0x00000000ec480000)
  from space 19456K, 98% used [0x00000000eca80000,0x00000000edd24160,0x00000000edd80000)
  to   space 38400K, 0% used [0x00000000eea00000,0x00000000eea00000,0x00000000f0f80000)
 ParOldGen       total 250368K, used 78117K [0x00000000a0000000, 0x00000000af480000, 0x00000000e0000000)
  object space 250368K, 31% used [0x00000000a0000000,0x00000000a4c495b0,0x00000000af480000)
 Metaspace       used 108257K, capacity 114884K, committed 115072K, reserved 1148928K
  class space    used 14195K, capacity 15427K, committed 15488K, reserved 1048576K
Event: 3175.560 GC heap after
Heap after GC invocations=30 (full 4):
 PSYoungGen      total 225280K, used 18992K [0x00000000e0000000, 0x00000000f0700000, 0x0000000100000000)
  eden space 195584K, 0% used [0x00000000e0000000,0x00000000e0000000,0x00000000ebf00000)
  from space 29696K, 63% used [0x00000000eea00000,0x00000000efc8c160,0x00000000f0700000)
  to   space 36864K, 0% used [0x00000000ebf00000,0x00000000ebf00000,0x00000000ee300000)
 ParOldGen       total 250368K, used 78125K [0x00000000a0000000, 0x00000000af480000, 0x00000000e0000000)
  object space 250368K, 31% used [0x00000000a0000000,0x00000000a4c4b5b0,0x00000000af480000)
 Metaspace       used 108257K, capacity 114884K, committed 115072K, reserved 1148928K
  class space    used 14195K, capacity 15427K, committed 15488K, reserved 1048576K
}
Event: 3185.668 GC heap before
{Heap before GC invocations=31 (full 4):
 PSYoungGen      total 225280K, used 214576K [0x00000000e0000000, 0x00000000f0700000, 0x0000000100000000)
  eden space 195584K, 100% used [0x00000000e0000000,0x00000000ebf00000,0x00000000ebf00000)
  from space 29696K, 63% used [0x00000000eea00000,0x00000000efc8c160,0x00000000f0700000)
  to   space 36864K, 0% used [0x00000000ebf00000,0x00000000ebf00000,0x00000000ee300000)
 ParOldGen       total 250368K, used 78125K [0x00000000a0000000, 0x00000000af480000, 0x00000000e0000000)
  object space 250368K, 31% used [0x00000000a0000000,0x00000000a4c4b5b0,0x00000000af480000)
 Metaspace       used 109066K, capacity 115806K, committed 115968K, reserved 1148928K
  class space    used 14255K, capacity 15494K, committed 15616K, reserved 1048576K
Event: 3185.758 GC heap after
Heap after GC invocations=31 (full 4):
 PSYoungGen      total 225792K, used 35441K [0x00000000e0000000, 0x00000000f0980000, 0x0000000100000000)
  eden space 189952K, 0% used [0x00000000e0000000,0x00000000e0000000,0x00000000eb980000)
  from space 35840K, 98% used [0x00000000ebf00000,0x00000000ee19c618,0x00000000ee200000)
  to   space 40448K, 0% used [0x00000000ee200000,0x00000000ee200000,0x00000000f0980000)
 ParOldGen       total 250368K, used 78133K [0x00000000a0000000, 0x00000000af480000, 0x00000000e0000000)
  object space 250368K, 31% used [0x00000000a0000000,0x00000000a4c4d5b0,0x00000000af480000)
 Metaspace       used 109066K, capacity 115806K, committed 115968K, reserved 1148928K
  class space    used 14255K, capacity 15494K, committed 15616K, reserved 1048576K
}
Event: 3191.125 GC heap before
{Heap before GC invocations=32 (full 4):
 PSYoungGen      total 225792K, used 225393K [0x00000000e0000000, 0x00000000f0980000, 0x0000000100000000)
  eden space 189952K, 100% used [0x00000000e0000000,0x00000000eb980000,0x00000000eb980000)
  from space 35840K, 98% used [0x00000000ebf00000,0x00000000ee19c618,0x00000000ee200000)
  to   space 40448K, 0% used [0x00000000ee200000,0x00000000ee200000,0x00000000f0980000)
 ParOldGen       total 250368K, used 78133K [0x00000000a0000000, 0x00000000af480000, 0x00000000e0000000)
  object space 250368K, 31% used [0x00000000a0000000,0x00000000a4c4d5b0,0x00000000af480000)
 Metaspace       used 109613K, capacity 116354K, committed 116736K, reserved 1150976K
  class space    used 14260K, capacity 15496K, committed 15616K, reserved 1048576K
Event: 3191.738 GC heap after
Heap after GC invocations=32 (full 4):
 PSYoungGen      total 211456K, used 40426K [0x00000000e0000000, 0x00000000f4880000, 0x0000000100000000)
  eden space 171008K, 0% used [0x00000000e0000000,0x00000000e0000000,0x00000000ea700000)
  from space 40448K, 99% used [0x00000000ee200000,0x00000000f097ab40,0x00000000f0980000)
  to   space 60416K, 0% used [0x00000000ea700000,0x00000000ea700000,0x00000000ee200000)
 ParOldGen       total 250368K, used 115365K [0x00000000a0000000, 0x00000000af480000, 0x00000000e0000000)
  object space 250368K, 46% used [0x00000000a0000000,0x00000000a70a97d8,0x00000000af480000)
 Metaspace       used 109613K, capacity 116354K, committed 116736K, reserved 1150976K
  class space    used 14260K, capacity 15496K, committed 15616K, reserved 1048576K
}

